<?xml version="1.0" encoding="UTF-8"?>
<!-- Generated by org.testng.reporters.JUnitXMLReporter -->
<testsuite hostname="BRIDT-1324" ignored="0" name="Batch ecexution" tests="9" failures="1" timestamp="11 Aug 2017 10:38:57 GMT" time="5.892" errors="0">
  <testcase name="testGetServices" time="1.376" classname="com.tests.TestGet"/>
  <testcase name="testGetServices" time="0.215" classname="com.tests.TestGet"/>
  <testcase name="testGetServices" time="0.231" classname="com.tests.TestGet"/>
  <testcase name="testGetServices" time="0.244" classname="com.tests.TestGet"/>
  <testcase name="testGetServices" time="0.222" classname="com.tests.TestGet">
    <failure type="com.exceptions.WebServicesException" message="java.lang.Throwable: Failed to validate status code of the response">
      <![CDATA[com.exceptions.WebServicesException: java.lang.Throwable: Failed to validate status code of the response
	at com.utilities.CustomKeywords.validateStatusCode(CustomKeywords.java:168)
	at com.tests.TestGet.testGetServices(TestGet.java:35)
Caused by: java.lang.Throwable: Failed to validate status code of the response
	... 27 more
... Removed 25 stack frames]]>
    </failure>
  </testcase> <!-- testGetServices -->
  <testcase name="testPutServices" time="0.974" classname="com.tests.TestPut"/>
  <testcase name="testPatchServices" time="0.675" classname="com.tests.TestPatch"/>
  <testcase name="testPostServices" time="0.703" classname="com.tests.TestPost"/>
  <testcase name="testDeleteServices" time="0.259" classname="com.tests.TestDelete"/>
</testsuite> <!-- Batch ecexution -->
