<?xml version="1.0" encoding="UTF-8"?>
<!-- Generated by org.testng.reporters.JUnitXMLReporter -->
<testsuite hostname="pkuma-5520" ignored="0" name="ProductAPIs" tests="11" failures="1" timestamp="10 Nov 2018 04:14:42 GMT" time="4.13" errors="0">
  <testcase name="testCreateAndDeleteProduct" time="2.087" classname="com.n26.tests.CreateAndDeleteProduct"/>
  <testcase name="testCreateAndDeleteProduct" time="0.125" classname="com.n26.tests.CreateAndDeleteProduct"/>
  <testcase name="testCreateAndGetProduct" time="0.068" classname="com.n26.tests.CreateAndGetProduct"/>
  <testcase name="testCreateAndVerifyProduct" time="0.042" classname="com.n26.tests.CreateAndVerifyProduct"/>
  <testcase name="testCreateAndVerifyProduct" time="0.056" classname="com.n26.tests.CreateAndVerifyProduct"/>
  <testcase name="testCreateAndVerifyProduct" time="0.044" classname="com.n26.tests.CreateAndVerifyProduct"/>
  <testcase name="testCreateAndVerifyProduct" time="0.044" classname="com.n26.tests.CreateAndVerifyProduct"/>
  <testcase name="testCreatePatchAndVerifyProduct" time="0.076" classname="com.n26.tests.CreatePatchAndVerifyProduct"/>
  <testcase name="testCreatePatchAndVerifyProduct" time="0.072" classname="com.n26.tests.CreatePatchAndVerifyProduct"/>
  <testcase name="testFailTestCase" time="0.048" classname="com.n26.tests.FailTestCase">
    <failure type="java.lang.AssertionError" message="Product name suppose to be: Product1 expected [Product2] but found [Product1]">
      <![CDATA[java.lang.AssertionError: Product name suppose to be: Product1 expected [Product2] but found [Product1]at com.n26.tests.FailTestCase.testFailTestCase(FailTestCase.java:32)... Removed 30 stack frames]]>
    </failure>
  </testcase> <!-- testFailTestCase -->
  <testcase name="testFailTestCase" time="0.036" classname="com.n26.tests.FailTestCase"/>
</testsuite> <!-- ProductAPIs -->
